<?xml version="1.0" encoding="utf-8"?><testsuites name="pytest tests"><testsuite name="pytest" errors="0" failures="1" skipped="0" tests="8" time="0.245" timestamp="2026-09-18T10:03:37.767738+08:00" hostname="DESKTOP-2DUPP2M"><testcase classname="acceptance.round6.test_fix_followups" name="test_concurrent_provider_selection_keeps_each_runs_binding[False]" time="0.006" /><testcase classname="acceptance.round6.test_fix_followups" name="test_concurrent_provider_selection_keeps_each_runs_binding[True]" time="0.027" /><testcase classname="acceptance.round6.test_fix_followups" name="test_activating_another_tool_preserves_the_selected_backend" time="0.007"><failure message="AssertionError: Activation changed an existing binding: ['selected-backend', 'default']&#10;assert ['selected-ba...d', 'default'] == ['selected-ba...cted-backend']&#10;  &#10;  At index 1 diff: 'default' != 'selected-backend'&#10;  Use -v to get more diff">acceptance\round6\test_fix_followups.py:110: in test_activating_another_tool_preserves_the_selected_backend
    assert invoked == ["selected-backend", "selected-backend"], f"Activation changed an existing binding: {invoked}"
E   AssertionError: Activation changed an existing binding: ['selected-backend', 'default']
E   assert ['selected-ba...d', 'default'] == ['selected-ba...cted-backend']
E     
E     At index 1 diff: 'default' != 'selected-backend'
E     Use -v to get more diff</failure></testcase><testcase classname="acceptance.round6.test_fix_followups" name="test_projection_checks_content_when_message_ids_are_identical" time="0.003" /><testcase classname="acceptance.round6.test_fix_followups" name="test_unrecorded_batch_rejects_mismatched_submission_identity[run_id]" time="0.001" /><testcase classname="acceptance.round6.test_fix_followups" name="test_unrecorded_batch_rejects_mismatched_submission_identity[step_no]" time="0.001" /><testcase classname="acceptance.round6.test_fix_followups" name="test_unrecorded_batch_rejects_mismatched_submission_identity[record_target]" time="0.001" /><testcase classname="acceptance.round6.test_fix_followups" name="test_unrecorded_batch_replay_remains_valid" time="0.001" /></testsuite></testsuites>