<?xml version="1.0" encoding="utf-8"?><testsuites name="pytest tests"><testsuite name="pytest" errors="0" failures="0" skipped="0" tests="84" time="1.432" timestamp="2026-09-17T23:58:00.563789+08:00" hostname="DESKTOP-2DUPP2M"><testcase classname="tests.test_t01_packaging" name="test_public_import_does_not_require_extras" time="0.002" /><testcase classname="tests.test_t01_packaging" name="test_package_is_typed" time="0.001" /><testcase classname="tests.test_t02_contracts" name="test_frozen_nested_json_does_not_share_caller_storage" time="0.001" /><testcase classname="tests.test_t02_contracts" name="test_tool_call_copies_arguments" time="0.000" /><testcase classname="tests.test_t02_contracts" name="test_memory_transcript_satisfies_port_without_subclass" time="0.001" /><testcase classname="tests.test_t02_contracts" name="test_flow_priority_wait_outranks_finish_and_continue" time="0.000" /><testcase classname="tests.test_t02_contracts" name="test_record_target_is_opaque" time="0.000" /><testcase classname="tests.test_t03_lifecycle" name="test_two_scopes_cancel_independently" time="0.007" /><testcase classname="tests.test_t03_lifecycle" name="test_double_close_is_safe" time="0.002" /><testcase classname="tests.test_t03_lifecycle" name="test_one_cleanup_failure_still_closes_other_streams" time="0.002" /><testcase classname="tests.test_t03_lifecycle" name="test_cleanup_timeout_is_not_success" time="0.174" /><testcase classname="tests.test_t03_lifecycle" name="test_user_stop_during_silence_closes_model_stream" time="0.062" /><testcase classname="tests.test_t03_lifecycle" name="test_backoff_stop_cancels_sleep" time="0.031" /><testcase classname="tests.test_t04_recording" name="test_delta_and_final_share_message_in_same_step_and_target" time="0.002" /><testcase classname="tests.test_t04_recording" name="test_new_step_and_target_are_isolated" time="0.013" /><testcase classname="tests.test_t04_recording" name="test_duplicate_submit_does_not_recreate" time="0.015" /><testcase classname="tests.test_t04_recording" name="test_missing_message_and_illegal_receipt_are_rejected" time="0.002" /><testcase classname="tests.test_t04_recording" name="test_injected_failure_does_not_commit" time="0.001" /><testcase classname="tests.test_t04_recording" name="test_tool_calls_and_results_pair_on_existing_assistant_message" time="0.001" /><testcase classname="tests.test_t04_recording" name="test_failed_result_batch_does_not_publish_partial_history" time="0.001" /><testcase classname="tests.test_t04_recording" name="test_result_receipt_is_bound_to_stored_batch_identity" time="0.001" /><testcase classname="tests.test_t05_core" name="test_missing_and_trailing_completion_are_rejected" time="0.003" /><testcase classname="tests.test_t05_core" name="test_error_after_completion_aborts" time="0.003" /><testcase classname="tests.test_t05_core" name="test_finish_does_not_call_model_again" time="0.002" /><testcase classname="tests.test_t06_capabilities" name="test_matched_stops_chain_and_degraded_is_not_nomatch" time="0.003" /><testcase classname="tests.test_t06_capabilities" name="test_empty_fixed_stays_empty" time="0.001" /><testcase classname="tests.test_t06_capabilities" name="test_publish_does_not_mutate_old_snapshot" time="0.003" /><testcase classname="tests.test_t06_capabilities" name="test_schema_and_params_fail_clearly" time="0.006" /><testcase classname="tests.test_t07_context" name="test_merge_is_deterministic_and_deduped" time="0.002" /><testcase classname="tests.test_t07_context" name="test_tool_calls_pair_with_results" time="0.001" /><testcase classname="tests.test_t07_context" name="test_prepare_is_stable_for_same_inputs" time="0.003" /><testcase classname="tests.test_t08_partial_output" name="test_partial_output_failure_does_not_retry_without_opt_in" time="0.005" /><testcase classname="tests.test_t08_partial_output" name="test_partial_output_retry_can_be_enabled" time="0.004" /><testcase classname="tests.test_t08_t10_pipelines" name="test_empty_and_reasoning_only_do_not_complete_until_text" time="0.261" /><testcase classname="tests.test_t08_t10_pipelines" name="test_illegal_second_call_does_not_invoke_first" time="0.006" /><testcase classname="tests.test_t08_t10_pipelines" name="test_record_failure_before_invoke_is_a_barrier" time="0.006" /><testcase classname="tests.test_t08_t10_pipelines" name="test_new_tool_not_in_snapshot_is_rejected" time="0.003" /><testcase classname="tests.test_t08_t10_pipelines" name="test_wait_carries_pending_ref_and_skips_model" time="0.006" /><testcase classname="tests.test_t08_t10_pipelines" name="test_text_submit_failure_skips_completion_policy" time="0.002" /><testcase classname="tests.test_t11_runner" name="test_tool_then_text_closed_loop" time="0.008" /><testcase classname="tests.test_t11_runner" name="test_completed_entry_skips_model_and_tools" time="0.003" /><testcase classname="tests.test_t11_runner" name="test_input_record_failure_invokes_nothing" time="0.003" /><testcase classname="tests.test_t11_runner" name="test_finalize_failure_does_not_publish_success" time="0.003" /><testcase classname="tests.test_t11_runner" name="test_consumer_close_does_not_keep_yielding" time="0.002" /><testcase classname="tests.test_t11_runner" name="test_concurrent_runs_are_isolated" time="0.009" /><testcase classname="tests.test_t12_observability" name="test_observer_failure_does_not_replay_tools" time="0.007" /><testcase classname="tests.test_t12_observability" name="test_blocking_observer_does_not_hold_the_run" time="0.062" /><testcase classname="tests.test_t12_observability" name="test_timing_events_include_run_and_step_identity" time="0.003" /><testcase classname="tests.test_t12_observability" name="test_isolated_observer_drops_when_queue_is_full" time="0.060" /><testcase classname="tests.test_t12_observability" name="test_otel_and_noop_observers_are_import_safe" time="0.003" /><testcase classname="tests.test_t13_openai" name="test_normalize_text_stream" time="0.002" /><testcase classname="tests.test_t13_openai" name="test_normalize_assembles_tool_argument_fragments" time="0.002" /><testcase classname="tests.test_t13_openai" name="test_empty_stream_is_not_effective" time="0.001" /><testcase classname="tests.test_t13_openai" name="test_invalid_tool_arguments_are_protocol_errors" time="0.001" /><testcase classname="tests.test_t13_openai" name="test_adapter_timeout_and_disconnect" time="0.067" /><testcase classname="tests.test_t13_openai" name="test_mid_stream_failure_becomes_adapter_error" time="0.002" /><testcase classname="tests.test_t13_openai" name="test_owned_client_is_closed" time="0.002" /><testcase classname="tests.test_t13_openai" name="test_request_payload_and_missing_sdk" time="0.001" /><testcase classname="tests.test_t14_harness" name="test_four_synthetic_scenes_with_default_factory" time="0.025" /><testcase classname="tests.test_t14_harness" name="test_factory_binding_can_inject_budget_without_changing_loop" time="0.003" /><testcase classname="tests.test_t14_harness" name="test_context_budget_error_is_a_run_failure" time="0.002" /><testcase classname="tests.test_t15_extras" name="test_openai_adapter_imports_without_sdk" time="0.000" /><testcase classname="tests.test_t15_extras" name="test_otel_observer_imports_without_sdk" time="0.000" /><testcase classname="acceptance.round2.test_reacceptance_contracts" name="test_openai_tool_schema_is_json_serializable" time="0.001" /><testcase classname="acceptance.round2.test_reacceptance_contracts" name="test_openai_history_supports_nested_tool_arguments" time="0.000" /><testcase classname="acceptance.round2.test_reacceptance_contracts" name="test_openai_timeout_covers_wait_after_first_delta_in_runtime" time="0.065" /><testcase classname="acceptance.round2.test_reacceptance_contracts" name="test_initialization_failure_does_not_leak_observer_task" time="0.002" /><testcase classname="acceptance.round2.test_reacceptance_contracts" name="test_result_replay_revalidates_run_step_and_target" time="0.002" /><testcase classname="acceptance.round2.test_reacceptance_contracts" name="test_result_replay_returns_original_message_of_same_step_and_target" time="0.002" /><testcase classname="acceptance.round2.test_reacceptance_contracts" name="test_wait_status_commits_before_waiting_event_is_published" time="0.007" /><testcase classname="acceptance.round2.test_reacceptance_contracts" name="test_observer_receives_run_terminal_event" time="0.003" /><testcase classname="acceptance.round2.test_reacceptance_contracts" name="test_exhausted_budget_does_not_start_another_model_request[no-model-attempts-remaining]" time="0.002" /><testcase classname="acceptance.round2.test_reacceptance_contracts" name="test_exhausted_budget_does_not_start_another_model_request[restored-token-budget-already-exceeded]" time="0.002" /><testcase classname="acceptance.test_runtime_contracts" name="test_text_delta_is_visible_before_model_finishes" time="0.003" /><testcase classname="acceptance.test_runtime_contracts" name="test_tool_entry_continue_after_false_does_not_call_model" time="0.006" /><testcase classname="acceptance.test_runtime_contracts" name="test_failed_result_batch_does_not_publish_partial_history" time="0.001" /><testcase classname="acceptance.test_runtime_contracts" name="test_result_receipt_cannot_add_an_unrecorded_call" time="0.001" /><testcase classname="acceptance.test_runtime_contracts" name="test_result_receipt_is_bound_to_its_run_step_and_target" time="0.001" /><testcase classname="acceptance.test_runtime_contracts" name="test_tool_context_contribution_reaches_next_request" time="0.008" /><testcase classname="acceptance.test_runtime_contracts" name="test_prepared_request_budget_includes_tool_call_arguments" time="0.003" /><testcase classname="acceptance.test_runtime_contracts" name="test_history_projection_does_not_leave_unmatched_assistant_calls" time="0.000" /><testcase classname="acceptance.test_runtime_contracts" name="test_host_task_cancellation_propagates_and_closes_model" time="0.003" /><testcase classname="acceptance.test_runtime_contracts" name="test_user_stop_interrupts_step_preparation" time="0.002" /><testcase classname="acceptance.test_runtime_contracts" name="test_partial_output_failure_does_not_retry_without_opt_in" time="0.002" /></testsuite></testsuites>