<?xml version="1.0" encoding="utf-8"?><testsuites name="pytest tests"><testsuite name="pytest" errors="0" failures="4" skipped="0" tests="10" time="0.561" timestamp="2026-09-18T00:03:44.523042+08:00" hostname="DESKTOP-2DUPP2M"><testcase classname="acceptance.round4.test_fix_boundaries" name="test_recovery_attempt_reserves_its_own_token_budget[empty]" time="0.003"><failure message="AssertionError: A one-attempt token budget admitted 2 requests&#10;assert 2 == 1&#10; +  where 2 = &lt;agent_runtime.testing.models.ScriptedModel object at 0x0000020BBC95B860&gt;.call_count">acceptance\round4\test_fix_boundaries.py:60: in test_recovery_attempt_reserves_its_own_token_budget
    assert model.call_count == 1, f"A one-attempt token budget admitted {model.call_count} requests"
E   AssertionError: A one-attempt token budget admitted 2 requests
E   assert 2 == 1
E    +  where 2 = &lt;agent_runtime.testing.models.ScriptedModel object at 0x0000020BBC95B860&gt;.call_count</failure></testcase><testcase classname="acceptance.round4.test_fix_boundaries" name="test_recovery_attempt_reserves_its_own_token_budget[error]" time="0.002"><failure message="AssertionError: A one-attempt token budget admitted 2 requests&#10;assert 2 == 1&#10; +  where 2 = &lt;agent_runtime.testing.models.ScriptedModel object at 0x0000020BBCA0B6B0&gt;.call_count">acceptance\round4\test_fix_boundaries.py:60: in test_recovery_attempt_reserves_its_own_token_budget
    assert model.call_count == 1, f"A one-attempt token budget admitted {model.call_count} requests"
E   AssertionError: A one-attempt token budget admitted 2 requests
E   assert 2 == 1
E    +  where 2 = &lt;agent_runtime.testing.models.ScriptedModel object at 0x0000020BBCA0B6B0&gt;.call_count</failure></testcase><testcase classname="acceptance.round4.test_fix_boundaries" name="test_replay_results_accepts_receipt_returned_by_replayed_calls" time="0.001"><failure message="agent_runtime.exceptions.ReceiptMismatchError: previous_receipt does not match the committed operation">acceptance\round4\test_fix_boundaries.py:87: in test_replay_results_accepts_receipt_returned_by_replayed_calls
    replayed_results = await transcript.record_tool_results(**result_args, previous_receipt=replayed_batch)
                       ^^^^^^^^^^^^^^^^^^^^^^^^^^^^^^^^^^^^^^^^^^^^^^^^^^^^^^^^^^^^^^^^^^^^^^^^^^^^^^^^^^^^
src\agent_runtime\recording.py:433: in record_tool_results
    existing = self._replay(
src\agent_runtime\recording.py:105: in _replay
    raise ReceiptMismatchError("previous_receipt does not match the committed operation")
E   agent_runtime.exceptions.ReceiptMismatchError: previous_receipt does not match the committed operation</failure></testcase><testcase classname="acceptance.round4.test_fix_boundaries" name="test_adapter_deadline_also_bounds_stream_close" time="0.308"><failure message="AssertionError: The 50 ms adapter timeout did not bound SDK stream close after 300 ms&#10;assert False">acceptance\round4\test_fix_boundaries.py:129: in test_adapter_deadline_also_bounds_stream_close
    assert finished_within_deadline, "The 50 ms adapter timeout did not bound SDK stream close after 300 ms"
E   AssertionError: The 50 ms adapter timeout did not bound SDK stream close after 300 ms
E   assert False</failure></testcase><testcase classname="acceptance.round4.test_fix_boundaries" name="test_terminal_is_committed_and_observed_before_host_handoff[success]" time="0.003" /><testcase classname="acceptance.round4.test_fix_boundaries" name="test_terminal_is_committed_and_observed_before_host_handoff[failure]" time="0.002" /><testcase classname="acceptance.round4.test_fix_boundaries" name="test_terminal_is_committed_and_observed_before_host_handoff[cancel]" time="0.002" /><testcase classname="acceptance.round4.test_fix_boundaries" name="test_terminal_is_committed_and_observed_before_host_handoff[wait]" time="0.003" /><testcase classname="acceptance.round4.test_fix_boundaries" name="test_terminal_is_committed_and_observed_before_host_handoff[completed-entry]" time="0.002" /><testcase classname="acceptance.round4.test_fix_boundaries" name="test_terminal_is_committed_and_observed_before_host_handoff[wait-finalize-failure]" time="0.016" /></testsuite></testsuites>