<?xml version="1.0" encoding="utf-8"?><testsuites name="pytest tests"><testsuite name="pytest" errors="0" failures="6" skipped="0" tests="114" time="3.001" timestamp="2026-09-18T09:31:39.693248+08:00" hostname="DESKTOP-2DUPP2M"><testcase classname="tests.test_t01_packaging" name="test_public_import_does_not_require_extras" time="0.001" /><testcase classname="tests.test_t01_packaging" name="test_package_is_typed" time="0.001" /><testcase classname="tests.test_t02_contracts" name="test_frozen_nested_json_does_not_share_caller_storage" time="0.000" /><testcase classname="tests.test_t02_contracts" name="test_tool_call_copies_arguments" time="0.000" /><testcase classname="tests.test_t02_contracts" name="test_memory_transcript_satisfies_port_without_subclass" time="0.001" /><testcase classname="tests.test_t02_contracts" name="test_flow_priority_wait_outranks_finish_and_continue" time="0.000" /><testcase classname="tests.test_t02_contracts" name="test_record_target_is_opaque" time="0.000" /><testcase classname="tests.test_t03_lifecycle" name="test_two_scopes_cancel_independently" time="0.006" /><testcase classname="tests.test_t03_lifecycle" name="test_double_close_is_safe" time="0.002" /><testcase classname="tests.test_t03_lifecycle" name="test_one_cleanup_failure_still_closes_other_streams" time="0.002" /><testcase classname="tests.test_t03_lifecycle" name="test_cleanup_timeout_is_not_success" time="0.169" /><testcase classname="tests.test_t03_lifecycle" name="test_user_stop_during_silence_closes_model_stream" time="0.061" /><testcase classname="tests.test_t03_lifecycle" name="test_backoff_stop_cancels_sleep" time="0.031" /><testcase classname="tests.test_t03_lifecycle" name="test_wall_clock_deadline_is_distinct_from_idle_timeout" time="0.082" /><testcase classname="tests.test_t03_lifecycle" name="test_idle_timeout_reason_is_not_deadline" time="0.028" /><testcase classname="tests.test_t04_recording" name="test_delta_and_final_share_message_in_same_step_and_target" time="0.003" /><testcase classname="tests.test_t04_recording" name="test_new_step_and_target_are_isolated" time="0.002" /><testcase classname="tests.test_t04_recording" name="test_duplicate_submit_does_not_recreate" time="0.022" /><testcase classname="tests.test_t04_recording" name="test_missing_message_and_illegal_receipt_are_rejected" time="0.003" /><testcase classname="tests.test_t04_recording" name="test_injected_failure_does_not_commit" time="0.002" /><testcase classname="tests.test_t04_recording" name="test_tool_calls_and_results_pair_on_existing_assistant_message" time="0.013" /><testcase classname="tests.test_t04_recording" name="test_failed_result_batch_does_not_publish_partial_history" time="0.002" /><testcase classname="tests.test_t04_recording" name="test_result_receipt_is_bound_to_stored_batch_identity" time="0.001" /><testcase classname="tests.test_t04_recording" name="test_unrecorded_tools_skip_transcript_writes" time="0.001" /><testcase classname="tests.test_t05_core" name="test_missing_and_trailing_completion_are_rejected" time="0.002" /><testcase classname="tests.test_t05_core" name="test_error_after_completion_aborts" time="0.002" /><testcase classname="tests.test_t05_core" name="test_finish_does_not_call_model_again" time="0.002" /><testcase classname="tests.test_t06_capabilities" name="test_matched_stops_chain_and_degraded_is_not_nomatch" time="0.003" /><testcase classname="tests.test_t06_capabilities" name="test_empty_fixed_stays_empty" time="0.001" /><testcase classname="tests.test_t06_capabilities" name="test_publish_does_not_mutate_old_snapshot" time="0.004" /><testcase classname="tests.test_t06_capabilities" name="test_schema_and_params_fail_clearly" time="0.007" /><testcase classname="tests.test_t06_capabilities" name="test_rejected_and_config_error_do_not_fall_through" time="0.003" /><testcase classname="tests.test_t06_capabilities" name="test_resolver_chain_is_injectable_and_uses_its_bindings" time="0.005" /><testcase classname="tests.test_t06_capabilities" name="test_rejected_resolution_fails_the_run" time="0.002" /><testcase classname="tests.test_t07_context" name="test_merge_is_deterministic_and_deduped" time="0.002" /><testcase classname="tests.test_t07_context" name="test_tool_calls_pair_with_results" time="0.000" /><testcase classname="tests.test_t07_context" name="test_prepare_is_stable_for_same_inputs" time="0.002" /><testcase classname="tests.test_t07_context" name="test_plain_history_is_trimmed_oldest_first" time="0.001" /><testcase classname="tests.test_t07_context" name="test_summarizing_compressor_replaces_oldest_units" time="0.001" /><testcase classname="tests.test_t07_context" name="test_model_summarizer_uses_the_model_port" time="0.001" /><testcase classname="tests.test_t07_context" name="test_contributor_cache_skips_repeat_lookups" time="0.003" /><testcase classname="tests.test_t07_context" name="test_summary_projection_is_reused_for_the_same_key" time="0.003" /><testcase classname="tests.test_t07_context" name="test_unestimable_reasoning_fails_closed" time="0.001" /><testcase classname="tests.test_t08_partial_output" name="test_partial_output_failure_does_not_retry_without_opt_in" time="0.002" /><testcase classname="tests.test_t08_partial_output" name="test_partial_output_retry_can_be_enabled" time="0.003" /><testcase classname="tests.test_t08_t10_pipelines" name="test_empty_and_reasoning_only_do_not_complete_until_text" time="0.256" /><testcase classname="tests.test_t08_t10_pipelines" name="test_illegal_second_call_does_not_invoke_first" time="0.010" /><testcase classname="tests.test_t08_t10_pipelines" name="test_record_failure_before_invoke_is_a_barrier" time="0.007" /><testcase classname="tests.test_t08_t10_pipelines" name="test_new_tool_not_in_snapshot_is_rejected" time="0.004" /><testcase classname="tests.test_t08_t10_pipelines" name="test_wait_carries_pending_ref_and_skips_model" time="0.007" /><testcase classname="tests.test_t08_t10_pipelines" name="test_text_submit_failure_skips_completion_policy" time="0.003" /><testcase classname="tests.test_t11_runner" name="test_tool_then_text_closed_loop" time="0.009" /><testcase classname="tests.test_t11_runner" name="test_completed_entry_skips_model_and_tools" time="0.003" /><testcase classname="tests.test_t11_runner" name="test_input_record_failure_invokes_nothing" time="0.003" /><testcase classname="tests.test_t11_runner" name="test_finalize_failure_does_not_publish_success" time="0.003" /><testcase classname="tests.test_t11_runner" name="test_consumer_close_does_not_keep_yielding" time="0.002" /><testcase classname="tests.test_t11_runner" name="test_concurrent_runs_are_isolated" time="0.022" /><testcase classname="tests.test_t11_runner" name="test_run_deadline_cancels_a_blocking_tool" time="0.062" /><testcase classname="tests.test_t11_runner" name="test_port_override_keeps_runner_lifecycle" time="0.005" /><testcase classname="tests.test_t12_observability" name="test_observer_failure_does_not_replay_tools" time="0.033" /><testcase classname="tests.test_t12_observability" name="test_blocking_observer_does_not_hold_the_run" time="0.066" /><testcase classname="tests.test_t12_observability" name="test_timing_events_include_run_and_step_identity" time="0.003" /><testcase classname="tests.test_t12_observability" name="test_isolated_observer_drops_when_queue_is_full" time="0.059" /><testcase classname="tests.test_t12_observability" name="test_otel_and_noop_observers_are_import_safe" time="0.004" /><testcase classname="tests.test_t13_openai" name="test_normalize_text_stream" time="0.001" /><testcase classname="tests.test_t13_openai" name="test_normalize_assembles_tool_argument_fragments" time="0.001" /><testcase classname="tests.test_t13_openai" name="test_empty_stream_is_not_effective" time="0.001" /><testcase classname="tests.test_t13_openai" name="test_invalid_tool_arguments_are_protocol_errors" time="0.001" /><testcase classname="tests.test_t13_openai" name="test_adapter_timeout_and_disconnect" time="0.066" /><testcase classname="tests.test_t13_openai" name="test_mid_stream_failure_becomes_adapter_error" time="0.005" /><testcase classname="tests.test_t13_openai" name="test_owned_client_is_closed" time="0.003" /><testcase classname="tests.test_t13_openai" name="test_request_payload_and_missing_sdk" time="0.003" /><testcase classname="tests.test_t14_harness" name="test_contract_suite_covers_the_design_rows" time="0.069" /><testcase classname="tests.test_t14_harness" name="test_factory_binding_can_inject_budget_without_changing_loop" time="0.003" /><testcase classname="tests.test_t14_harness" name="test_context_budget_error_is_a_run_failure" time="0.002" /><testcase classname="tests.test_t15_extras" name="test_openai_adapter_imports_without_sdk" time="0.000" /><testcase classname="tests.test_t15_extras" name="test_otel_observer_imports_without_sdk" time="0.000" /><testcase classname="acceptance.round2.test_reacceptance_contracts" name="test_openai_tool_schema_is_json_serializable" time="0.001" /><testcase classname="acceptance.round2.test_reacceptance_contracts" name="test_openai_history_supports_nested_tool_arguments" time="0.001" /><testcase classname="acceptance.round2.test_reacceptance_contracts" name="test_openai_timeout_covers_wait_after_first_delta_in_runtime" time="0.063" /><testcase classname="acceptance.round2.test_reacceptance_contracts" name="test_initialization_failure_does_not_leak_observer_task" time="0.004" /><testcase classname="acceptance.round2.test_reacceptance_contracts" name="test_result_replay_revalidates_run_step_and_target" time="0.002" /><testcase classname="acceptance.round2.test_reacceptance_contracts" name="test_result_replay_returns_original_message_of_same_step_and_target" time="0.001" /><testcase classname="acceptance.round2.test_reacceptance_contracts" name="test_wait_status_commits_before_waiting_event_is_published" time="0.006" /><testcase classname="acceptance.round2.test_reacceptance_contracts" name="test_observer_receives_run_terminal_event" time="0.003" /><testcase classname="acceptance.round2.test_reacceptance_contracts" name="test_exhausted_budget_does_not_start_another_model_request[no-model-attempts-remaining]" time="0.002" /><testcase classname="acceptance.round2.test_reacceptance_contracts" name="test_exhausted_budget_does_not_start_another_model_request[restored-token-budget-already-exceeded]" time="0.002" /><testcase classname="acceptance.round4.test_fix_boundaries" name="test_recovery_attempt_reserves_its_own_token_budget[empty]" time="0.019" /><testcase classname="acceptance.round4.test_fix_boundaries" name="test_recovery_attempt_reserves_its_own_token_budget[error]" time="0.003" /><testcase classname="acceptance.round4.test_fix_boundaries" name="test_replay_results_accepts_receipt_returned_by_replayed_calls" time="0.012" /><testcase classname="acceptance.round4.test_fix_boundaries" name="test_adapter_deadline_also_bounds_stream_close" time="0.076" /><testcase classname="acceptance.round4.test_fix_boundaries" name="test_terminal_is_committed_and_observed_before_host_handoff[success]" time="0.021" /><testcase classname="acceptance.round4.test_fix_boundaries" name="test_terminal_is_committed_and_observed_before_host_handoff[failure]" time="0.003" /><testcase classname="acceptance.round4.test_fix_boundaries" name="test_terminal_is_committed_and_observed_before_host_handoff[cancel]" time="0.025" /><testcase classname="acceptance.round4.test_fix_boundaries" name="test_terminal_is_committed_and_observed_before_host_handoff[wait]" time="0.007" /><testcase classname="acceptance.round4.test_fix_boundaries" name="test_terminal_is_committed_and_observed_before_host_handoff[completed-entry]" time="0.004" /><testcase classname="acceptance.round4.test_fix_boundaries" name="test_terminal_is_committed_and_observed_before_host_handoff[wait-finalize-failure]" time="0.007" /><testcase classname="acceptance.round5.test_integration_boundaries" name="test_new_run_does_not_reuse_another_transcripts_compressed_messages" time="0.005"><failure message="AssertionError: Second run received stale history: ['first question']&#10;assert ['first question'] == ['short histo...ond question']&#10;  &#10;  At index 0 diff: 'first question' != 'short history'&#10;  Right contains one more item: 'second question'&#10;  Use -v to get more diff">acceptance\round5\test_integration_boundaries.py:61: in test_new_run_does_not_reuse_another_transcripts_compressed_messages
    assert actual == ["short history", "second question"], f"Second run received stale history: {actual}"
E   AssertionError: Second run received stale history: ['first question']
E   assert ['first question'] == ['short histo...ond question']
E     
E     At index 0 diff: 'first question' != 'short history'
E     Right contains one more item: 'second question'
E     Use -v to get more diff</failure></testcase><testcase classname="acceptance.round5.test_integration_boundaries" name="test_resolver_fallback_executes_the_selected_providers_binding" time="0.008"><failure message="AssertionError: Fallback resolved the wrong executor: ['skipped-backend']&#10;assert ['skipped-backend'] == ['selected-backend']&#10;  &#10;  At index 0 diff: 'skipped-backend' != 'selected-backend'&#10;  Use -v to get more diff">acceptance\round5\test_integration_boundaries.py:89: in test_resolver_fallback_executes_the_selected_providers_binding
    assert invoked == ["selected-backend"], f"Fallback resolved the wrong executor: {invoked}"
E   AssertionError: Fallback resolved the wrong executor: ['skipped-backend']
E   assert ['skipped-backend'] == ['selected-backend']
E     
E     At index 0 diff: 'skipped-backend' != 'selected-backend'
E     Use -v to get more diff</failure></testcase><testcase classname="acceptance.round5.test_integration_boundaries" name="test_stop_interrupts_initial_capability_resolution[StopReason.USER_STOP]" time="0.317"><failure message="AssertionError: user_stop did not interrupt the pending capability provider&#10;assert False">acceptance\round5\test_integration_boundaries.py:131: in test_stop_interrupts_initial_capability_resolution
    assert stopped_while_provider_blocked, f"{reason.value} did not interrupt the pending capability provider"
E   AssertionError: user_stop did not interrupt the pending capability provider
E   assert False</failure></testcase><testcase classname="acceptance.round5.test_integration_boundaries" name="test_stop_interrupts_initial_capability_resolution[StopReason.HOST_CANCEL]" time="0.306"><failure message="AssertionError: host_cancel did not interrupt the pending capability provider&#10;assert False">acceptance\round5\test_integration_boundaries.py:131: in test_stop_interrupts_initial_capability_resolution
    assert stopped_while_provider_blocked, f"{reason.value} did not interrupt the pending capability provider"
E   AssertionError: host_cancel did not interrupt the pending capability provider
E   assert False</failure></testcase><testcase classname="acceptance.round5.test_integration_boundaries" name="test_stop_interrupts_initial_capability_resolution[StopReason.DEADLINE]" time="0.304"><failure message="AssertionError: deadline did not interrupt the pending capability provider&#10;assert False">acceptance\round5\test_integration_boundaries.py:131: in test_stop_interrupts_initial_capability_resolution
    assert stopped_while_provider_blocked, f"{reason.value} did not interrupt the pending capability provider"
E   AssertionError: deadline did not interrupt the pending capability provider
E   assert False</failure></testcase><testcase classname="acceptance.round5.test_integration_boundaries" name="test_recording_required_flag_cannot_bypass_receipt_validation" time="0.002"><failure message="Failed: DID NOT RAISE ReceiptMismatchError">acceptance\round5\test_integration_boundaries.py:148: in test_recording_required_flag_cannot_bypass_receipt_validation
    with pytest.raises(ReceiptMismatchError):
         ^^^^^^^^^^^^^^^^^^^^^^^^^^^^^^^^^^^
E   Failed: DID NOT RAISE ReceiptMismatchError</failure></testcase><testcase classname="acceptance.test_runtime_contracts" name="test_text_delta_is_visible_before_model_finishes" time="0.003" /><testcase classname="acceptance.test_runtime_contracts" name="test_tool_entry_continue_after_false_does_not_call_model" time="0.017" /><testcase classname="acceptance.test_runtime_contracts" name="test_failed_result_batch_does_not_publish_partial_history" time="0.001" /><testcase classname="acceptance.test_runtime_contracts" name="test_result_receipt_cannot_add_an_unrecorded_call" time="0.001" /><testcase classname="acceptance.test_runtime_contracts" name="test_result_receipt_is_bound_to_its_run_step_and_target" time="0.001" /><testcase classname="acceptance.test_runtime_contracts" name="test_tool_context_contribution_reaches_next_request" time="0.008" /><testcase classname="acceptance.test_runtime_contracts" name="test_prepared_request_budget_includes_tool_call_arguments" time="0.003" /><testcase classname="acceptance.test_runtime_contracts" name="test_history_projection_does_not_leave_unmatched_assistant_calls" time="0.000" /><testcase classname="acceptance.test_runtime_contracts" name="test_host_task_cancellation_propagates_and_closes_model" time="0.002" /><testcase classname="acceptance.test_runtime_contracts" name="test_user_stop_interrupts_step_preparation" time="0.002" /><testcase classname="acceptance.test_runtime_contracts" name="test_partial_output_failure_does_not_retry_without_opt_in" time="0.003" /></testsuite></testsuites>