<?xml version="1.0" encoding="utf-8"?><testsuites name="pytest tests"><testsuite name="pytest" errors="0" failures="0" skipped="0" tests="10" time="0.110" timestamp="2026-09-17T23:50:25.288653+08:00" hostname="anonymous"><testcase classname="acceptance.round2.test_reacceptance_contracts" name="test_openai_tool_schema_is_json_serializable" time="0.000" /><testcase classname="acceptance.round2.test_reacceptance_contracts" name="test_openai_history_supports_nested_tool_arguments" time="0.000" /><testcase classname="acceptance.round2.test_reacceptance_contracts" name="test_openai_timeout_covers_wait_after_first_delta_in_runtime" time="0.053" /><testcase classname="acceptance.round2.test_reacceptance_contracts" name="test_initialization_failure_does_not_leak_observer_task" time="0.001" /><testcase classname="acceptance.round2.test_reacceptance_contracts" name="test_result_replay_revalidates_run_step_and_target" time="0.000" /><testcase classname="acceptance.round2.test_reacceptance_contracts" name="test_result_replay_returns_original_message_of_same_step_and_target" time="0.000" /><testcase classname="acceptance.round2.test_reacceptance_contracts" name="test_wait_status_commits_before_waiting_event_is_published" time="0.003" /><testcase classname="acceptance.round2.test_reacceptance_contracts" name="test_observer_receives_run_terminal_event" time="0.002" /><testcase classname="acceptance.round2.test_reacceptance_contracts" name="test_exhausted_budget_does_not_start_another_model_request[no-model-attempts-remaining]" time="0.001" /><testcase classname="acceptance.round2.test_reacceptance_contracts" name="test_exhausted_budget_does_not_start_another_model_request[restored-token-budget-already-exceeded]" time="0.001" /></testsuite></testsuites>