<?xml version="1.0" encoding="utf-8"?><testsuites name="pytest tests"><testsuite name="pytest" errors="0" failures="10" skipped="0" tests="84" time="1.344" timestamp="2026-09-17T22:54:45.961755+08:00" hostname="DESKTOP-2DUPP2M"><testcase classname="tests.test_t01_packaging" name="test_public_import_does_not_require_extras" time="0.000" /><testcase classname="tests.test_t01_packaging" name="test_package_is_typed" time="0.001" /><testcase classname="tests.test_t02_contracts" name="test_frozen_nested_json_does_not_share_caller_storage" time="0.000" /><testcase classname="tests.test_t02_contracts" name="test_tool_call_copies_arguments" time="0.000" /><testcase classname="tests.test_t02_contracts" name="test_memory_transcript_satisfies_port_without_subclass" time="0.000" /><testcase classname="tests.test_t02_contracts" name="test_flow_priority_wait_outranks_finish_and_continue" time="0.000" /><testcase classname="tests.test_t02_contracts" name="test_record_target_is_opaque" time="0.000" /><testcase classname="tests.test_t03_lifecycle" name="test_two_scopes_cancel_independently" time="0.002" /><testcase classname="tests.test_t03_lifecycle" name="test_double_close_is_safe" time="0.001" /><testcase classname="tests.test_t03_lifecycle" name="test_one_cleanup_failure_still_closes_other_streams" time="0.001" /><testcase classname="tests.test_t03_lifecycle" name="test_cleanup_timeout_is_not_success" time="0.168" /><testcase classname="tests.test_t03_lifecycle" name="test_user_stop_during_silence_closes_model_stream" time="0.063" /><testcase classname="tests.test_t03_lifecycle" name="test_backoff_stop_cancels_sleep" time="0.031" /><testcase classname="tests.test_t04_recording" name="test_delta_and_final_share_message_in_same_step_and_target" time="0.001" /><testcase classname="tests.test_t04_recording" name="test_new_step_and_target_are_isolated" time="0.001" /><testcase classname="tests.test_t04_recording" name="test_duplicate_submit_does_not_recreate" time="0.001" /><testcase classname="tests.test_t04_recording" name="test_missing_message_and_illegal_receipt_are_rejected" time="0.001" /><testcase classname="tests.test_t04_recording" name="test_injected_failure_does_not_commit" time="0.001" /><testcase classname="tests.test_t04_recording" name="test_tool_calls_and_results_pair_on_existing_assistant_message" time="0.001" /><testcase classname="tests.test_t04_recording" name="test_failed_result_batch_does_not_publish_partial_history" time="0.001" /><testcase classname="tests.test_t04_recording" name="test_result_receipt_is_bound_to_stored_batch_identity" time="0.001" /><testcase classname="tests.test_t05_core" name="test_missing_and_trailing_completion_are_rejected" time="0.002" /><testcase classname="tests.test_t05_core" name="test_error_after_completion_aborts" time="0.001" /><testcase classname="tests.test_t05_core" name="test_finish_does_not_call_model_again" time="0.001" /><testcase classname="tests.test_t06_capabilities" name="test_matched_stops_chain_and_degraded_is_not_nomatch" time="0.002" /><testcase classname="tests.test_t06_capabilities" name="test_empty_fixed_stays_empty" time="0.001" /><testcase classname="tests.test_t06_capabilities" name="test_publish_does_not_mutate_old_snapshot" time="0.002" /><testcase classname="tests.test_t06_capabilities" name="test_schema_and_params_fail_clearly" time="0.003" /><testcase classname="tests.test_t07_context" name="test_merge_is_deterministic_and_deduped" time="0.001" /><testcase classname="tests.test_t07_context" name="test_tool_calls_pair_with_results" time="0.000" /><testcase classname="tests.test_t07_context" name="test_prepare_is_stable_for_same_inputs" time="0.001" /><testcase classname="tests.test_t08_partial_output" name="test_partial_output_failure_does_not_retry_without_opt_in" time="0.001" /><testcase classname="tests.test_t08_partial_output" name="test_partial_output_retry_can_be_enabled" time="0.002" /><testcase classname="tests.test_t08_t10_pipelines" name="test_empty_and_reasoning_only_do_not_complete_until_text" time="0.253" /><testcase classname="tests.test_t08_t10_pipelines" name="test_illegal_second_call_does_not_invoke_first" time="0.004" /><testcase classname="tests.test_t08_t10_pipelines" name="test_record_failure_before_invoke_is_a_barrier" time="0.004" /><testcase classname="tests.test_t08_t10_pipelines" name="test_new_tool_not_in_snapshot_is_rejected" time="0.002" /><testcase classname="tests.test_t08_t10_pipelines" name="test_wait_carries_pending_ref_and_skips_model" time="0.004" /><testcase classname="tests.test_t08_t10_pipelines" name="test_text_submit_failure_skips_completion_policy" time="0.002" /><testcase classname="tests.test_t11_runner" name="test_tool_then_text_closed_loop" time="0.005" /><testcase classname="tests.test_t11_runner" name="test_completed_entry_skips_model_and_tools" time="0.002" /><testcase classname="tests.test_t11_runner" name="test_input_record_failure_invokes_nothing" time="0.002" /><testcase classname="tests.test_t11_runner" name="test_finalize_failure_does_not_publish_success" time="0.002" /><testcase classname="tests.test_t11_runner" name="test_consumer_close_does_not_keep_yielding" time="0.001" /><testcase classname="tests.test_t11_runner" name="test_concurrent_runs_are_isolated" time="0.005" /><testcase classname="tests.test_t12_observability" name="test_observer_failure_does_not_replay_tools" time="0.004" /><testcase classname="tests.test_t12_observability" name="test_blocking_observer_does_not_hold_the_run" time="0.054" /><testcase classname="tests.test_t12_observability" name="test_timing_events_include_run_and_step_identity" time="0.002" /><testcase classname="tests.test_t12_observability" name="test_isolated_observer_drops_when_queue_is_full" time="0.061" /><testcase classname="tests.test_t12_observability" name="test_otel_and_noop_observers_are_import_safe" time="0.002" /><testcase classname="tests.test_t13_openai" name="test_normalize_text_stream" time="0.001" /><testcase classname="tests.test_t13_openai" name="test_normalize_assembles_tool_argument_fragments" time="0.001" /><testcase classname="tests.test_t13_openai" name="test_empty_stream_is_not_effective" time="0.001" /><testcase classname="tests.test_t13_openai" name="test_invalid_tool_arguments_are_protocol_errors" time="0.001" /><testcase classname="tests.test_t13_openai" name="test_adapter_timeout_and_disconnect" time="0.055" /><testcase classname="tests.test_t13_openai" name="test_mid_stream_failure_becomes_adapter_error" time="0.004" /><testcase classname="tests.test_t13_openai" name="test_owned_client_is_closed" time="0.001" /><testcase classname="tests.test_t13_openai" name="test_request_payload_and_missing_sdk" time="0.001" /><testcase classname="tests.test_t14_harness" name="test_four_synthetic_scenes_with_default_factory" time="0.010" /><testcase classname="tests.test_t14_harness" name="test_factory_binding_can_inject_budget_without_changing_loop" time="0.002" /><testcase classname="tests.test_t14_harness" name="test_context_budget_error_is_a_run_failure" time="0.001" /><testcase classname="tests.test_t15_extras" name="test_openai_adapter_imports_without_sdk" time="0.000" /><testcase classname="tests.test_t15_extras" name="test_otel_observer_imports_without_sdk" time="0.000" /><testcase classname="acceptance.round2.test_reacceptance_contracts" name="test_openai_tool_schema_is_json_serializable" time="0.000"><failure message="TypeError: Object of type mappingproxy is not JSON serializable">acceptance\round2\test_reacceptance_contracts.py:60: in test_openai_tool_schema_is_json_serializable
    encoded = json.dumps(payload)
              ^^^^^^^^^^^^^^^^^^^
C:\Users\h00931709-Blue\AppData\Roaming\uv\python\cpython-3.12-windows-x86_64-none\Lib\json\__init__.py:231: in dumps
    return _default_encoder.encode(obj)
           ^^^^^^^^^^^^^^^^^^^^^^^^^^^^
C:\Users\h00931709-Blue\AppData\Roaming\uv\python\cpython-3.12-windows-x86_64-none\Lib\json\encoder.py:200: in encode
    chunks = self.iterencode(o, _one_shot=True)
             ^^^^^^^^^^^^^^^^^^^^^^^^^^^^^^^^^^
C:\Users\h00931709-Blue\AppData\Roaming\uv\python\cpython-3.12-windows-x86_64-none\Lib\json\encoder.py:258: in iterencode
    return _iterencode(o, 0)
           ^^^^^^^^^^^^^^^^^
C:\Users\h00931709-Blue\AppData\Roaming\uv\python\cpython-3.12-windows-x86_64-none\Lib\json\encoder.py:180: in default
    raise TypeError(f'Object of type {o.__class__.__name__} '
E   TypeError: Object of type mappingproxy is not JSON serializable</failure></testcase><testcase classname="acceptance.round2.test_reacceptance_contracts" name="test_openai_history_supports_nested_tool_arguments" time="0.000"><failure message="TypeError: Object of type mappingproxy is not JSON serializable">acceptance\round2\test_reacceptance_contracts.py:71: in test_openai_history_supports_nested_tool_arguments
    payload = request_payload(request)
              ^^^^^^^^^^^^^^^^^^^^^^^^
src\agent_runtime\adapters\openai.py:203: in request_payload
    "function": {"name": call.name, "arguments": json.dumps(dict(call.arguments))},
                                                 ^^^^^^^^^^^^^^^^^^^^^^^^^^^^^^^^
C:\Users\h00931709-Blue\AppData\Roaming\uv\python\cpython-3.12-windows-x86_64-none\Lib\json\__init__.py:231: in dumps
    return _default_encoder.encode(obj)
           ^^^^^^^^^^^^^^^^^^^^^^^^^^^^
C:\Users\h00931709-Blue\AppData\Roaming\uv\python\cpython-3.12-windows-x86_64-none\Lib\json\encoder.py:200: in encode
    chunks = self.iterencode(o, _one_shot=True)
             ^^^^^^^^^^^^^^^^^^^^^^^^^^^^^^^^^^
C:\Users\h00931709-Blue\AppData\Roaming\uv\python\cpython-3.12-windows-x86_64-none\Lib\json\encoder.py:258: in iterencode
    return _iterencode(o, 0)
           ^^^^^^^^^^^^^^^^^
C:\Users\h00931709-Blue\AppData\Roaming\uv\python\cpython-3.12-windows-x86_64-none\Lib\json\encoder.py:180: in default
    raise TypeError(f'Object of type {o.__class__.__name__} '
E   TypeError: Object of type mappingproxy is not JSON serializable</failure></testcase><testcase classname="acceptance.round2.test_reacceptance_contracts" name="test_openai_timeout_covers_wait_after_first_delta_in_runtime" time="0.317"><failure message="AssertionError: Adapter timeout expired, but Runtime still waited for the next chunk&#10;assert False">acceptance\round2\test_reacceptance_contracts.py:113: in test_openai_timeout_covers_wait_after_first_delta_in_runtime
    assert timed_out_without_release, "Adapter timeout expired, but Runtime still waited for the next chunk"
E   AssertionError: Adapter timeout expired, but Runtime still waited for the next chunk
E   assert False</failure></testcase><testcase classname="acceptance.round2.test_reacceptance_contracts" name="test_initialization_failure_does_not_leak_observer_task" time="0.002"><failure message="AssertionError: Initialization left live tasks: ['observer-pump']&#10;assert not [&lt;Task pending name='observer-pump' coro=&lt;IsolatedObserver._pump() running at C:\codebase\coresmos\src\agent_runtime\observability.py:79&gt; wait_for=&lt;Future pending cb=[Task.task_wakeup()]&gt; cb=[set.discard()]&gt;]">acceptance\round2\test_reacceptance_contracts.py:138: in test_initialization_failure_does_not_leak_observer_task
    assert not leaked, f"Initialization left live tasks: {[task.get_name() for task in leaked]}"
E   AssertionError: Initialization left live tasks: ['observer-pump']
E   assert not [&lt;Task pending name='observer-pump' coro=&lt;IsolatedObserver._pump() running at C:\codebase\coresmos\src\agent_runtime\observability.py:79&gt; wait_for=&lt;Future pending cb=[Task.task_wakeup()]&gt; cb=[set.discard()]&gt;]</failure></testcase><testcase classname="acceptance.round2.test_reacceptance_contracts" name="test_result_replay_revalidates_run_step_and_target" time="0.001"><failure message="Failed: DID NOT RAISE any of (ReceiptMismatchError, IdempotencyError)">acceptance\round2\test_reacceptance_contracts.py:169: in test_result_replay_revalidates_run_step_and_target
    with pytest.raises((ReceiptMismatchError, IdempotencyError)):
         ^^^^^^^^^^^^^^^^^^^^^^^^^^^^^^^^^^^^^^^^^^^^^^^^^^^^^^^
E   Failed: DID NOT RAISE any of (ReceiptMismatchError, IdempotencyError)</failure></testcase><testcase classname="acceptance.round2.test_reacceptance_contracts" name="test_result_replay_returns_original_message_of_same_step_and_target" time="0.001"><failure message="AssertionError: Replay returned another step/target's result message&#10;assert 'msg:round2:2' == 'msg:round2:4'&#10;  &#10;  - msg:round2:4&#10;  ?            ^&#10;  + msg:round2:2&#10;  ?            ^">acceptance\round2\test_reacceptance_contracts.py:194: in test_result_replay_returns_original_message_of_same_step_and_target
    assert replayed[0].message_id == second[0].message_id, "Replay returned another step/target's result message"
E   AssertionError: Replay returned another step/target's result message
E   assert 'msg:round2:2' == 'msg:round2:4'
E     
E     - msg:round2:4
E     ?            ^
E     + msg:round2:2
E     ?            ^</failure></testcase><testcase classname="acceptance.round2.test_reacceptance_contracts" name="test_wait_status_commits_before_waiting_event_is_published" time="0.004"><failure message="AssertionError: WAIT was published before finalization: None&#10;assert None is &lt;RunStatus.WAITING: 'waiting'&gt;&#10; +  where &lt;RunStatus.WAITING: 'waiting'&gt; = RunStatus.WAITING">acceptance\round2\test_reacceptance_contracts.py:220: in test_wait_status_commits_before_waiting_event_is_published
    assert status_at_wait is RunStatus.WAITING, f"WAIT was published before finalization: {status_at_wait!r}"
E   AssertionError: WAIT was published before finalization: None
E   assert None is &lt;RunStatus.WAITING: 'waiting'&gt;
E    +  where &lt;RunStatus.WAITING: 'waiting'&gt; = RunStatus.WAITING</failure></testcase><testcase classname="acceptance.round2.test_reacceptance_contracts" name="test_observer_receives_run_terminal_event" time="0.002"><failure message="AssertionError: Observer never received run_succeeded&#10;assert False&#10; +  where False = any(&lt;generator object test_observer_receives_run_terminal_event.&lt;locals&gt;.&lt;genexpr&gt; at 0x000001474E8949E0&gt;)">acceptance\round2\test_reacceptance_contracts.py:241: in test_observer_receives_run_terminal_event
    assert any(isinstance(event, RunSucceeded) for event in observer.events), "Observer never received run_succeeded"
E   AssertionError: Observer never received run_succeeded
E   assert False
E    +  where False = any(&lt;generator object test_observer_receives_run_terminal_event.&lt;locals&gt;.&lt;genexpr&gt; at 0x000001474E8949E0&gt;)</failure></testcase><testcase classname="acceptance.round2.test_reacceptance_contracts" name="test_exhausted_budget_does_not_start_another_model_request[no-model-attempts-remaining]" time="0.002"><failure message="AssertionError: Runtime made a model request with an exhausted execution budget&#10;assert 1 == 0&#10; +  where 1 = &lt;agent_runtime.testing.models.ScriptedModel object at 0x000001474E7E9A00&gt;.call_count">acceptance\round2\test_reacceptance_contracts.py:258: in test_exhausted_budget_does_not_start_another_model_request
    assert model.call_count == 0, "Runtime made a model request with an exhausted execution budget"
E   AssertionError: Runtime made a model request with an exhausted execution budget
E   assert 1 == 0
E    +  where 1 = &lt;agent_runtime.testing.models.ScriptedModel object at 0x000001474E7E9A00&gt;.call_count</failure></testcase><testcase classname="acceptance.round2.test_reacceptance_contracts" name="test_exhausted_budget_does_not_start_another_model_request[restored-token-budget-already-exceeded]" time="0.002"><failure message="AssertionError: Runtime made a model request with an exhausted execution budget&#10;assert 1 == 0&#10; +  where 1 = &lt;agent_runtime.testing.models.ScriptedModel object at 0x000001474E898B00&gt;.call_count">acceptance\round2\test_reacceptance_contracts.py:258: in test_exhausted_budget_does_not_start_another_model_request
    assert model.call_count == 0, "Runtime made a model request with an exhausted execution budget"
E   AssertionError: Runtime made a model request with an exhausted execution budget
E   assert 1 == 0
E    +  where 1 = &lt;agent_runtime.testing.models.ScriptedModel object at 0x000001474E898B00&gt;.call_count</failure></testcase><testcase classname="acceptance.test_runtime_contracts" name="test_text_delta_is_visible_before_model_finishes" time="0.002" /><testcase classname="acceptance.test_runtime_contracts" name="test_tool_entry_continue_after_false_does_not_call_model" time="0.003" /><testcase classname="acceptance.test_runtime_contracts" name="test_failed_result_batch_does_not_publish_partial_history" time="0.001" /><testcase classname="acceptance.test_runtime_contracts" name="test_result_receipt_cannot_add_an_unrecorded_call" time="0.001" /><testcase classname="acceptance.test_runtime_contracts" name="test_result_receipt_is_bound_to_its_run_step_and_target" time="0.001" /><testcase classname="acceptance.test_runtime_contracts" name="test_tool_context_contribution_reaches_next_request" time="0.004" /><testcase classname="acceptance.test_runtime_contracts" name="test_prepared_request_budget_includes_tool_call_arguments" time="0.002" /><testcase classname="acceptance.test_runtime_contracts" name="test_history_projection_does_not_leave_unmatched_assistant_calls" time="0.000" /><testcase classname="acceptance.test_runtime_contracts" name="test_host_task_cancellation_propagates_and_closes_model" time="0.001" /><testcase classname="acceptance.test_runtime_contracts" name="test_user_stop_interrupts_step_preparation" time="0.001" /><testcase classname="acceptance.test_runtime_contracts" name="test_partial_output_failure_does_not_retry_without_opt_in" time="0.001" /></testsuite></testsuites>